"../../../Engine/Content/Animation/DefaultAnimBoneCompressionSettings.uasset" 0
"../../../Engine/Content/Animation/DefaultAnimCurveCompressionSettings.uasset" 1
"../../../../../Users/wjmzb/Documents/Unreal Projects/Jamfuser21_DCU/Content/Meshes/EditorPH/UE4_Mannequin_Skeleton.uasset" 2
"../../../../../Users/wjmzb/Documents/Unreal Projects/Jamfuser21_DCU/Content/Animations/EditorPH/ThirdPersonJump_End.uasset" 3
"../../../Engine/Content/EngineMaterials/T_Default_Material_Grid_N.uasset" 4
"../../../Engine/Content/EngineMaterials/T_Default_Material_Grid_M.uasset" 5
"../../../Engine/Content/Functions/Engine_MaterialFunctions01/Opacity/CameraDepthFade.uasset" 6
"../../../Engine/Content/EngineMaterials/WorldGridMaterial.uasset" 7
"../../../Engine/Content/BasicShapes/Cube.uasset" 8
"../../../../../Users/wjmzb/Documents/Unreal Projects/Jamfuser21_DCU/Content/Textures/EditorPH/T_UE4Logo_Mask.uasset" 9
"../../../../../Users/wjmzb/Documents/Unreal Projects/Jamfuser21_DCU/Content/Textures/EditorPH/T_Male_N.uasset" 10
"../../../../../Users/wjmzb/Documents/Unreal Projects/Jamfuser21_DCU/Content/Textures/EditorPH/T_Male_Mask.uasset" 11
"../../../../../Users/wjmzb/Documents/Unreal Projects/Jamfuser21_DCU/Content/Textures/EditorPH/T_Female_N.uasset" 12
"../../../../../Users/wjmzb/Documents/Unreal Projects/Jamfuser21_DCU/Content/Textures/EditorPH/T_Female_Mask.uasset" 13
"../../../../../Users/wjmzb/Documents/Unreal Projects/Jamfuser21_DCU/Content/Materials/EditorPH/MaterialLayers/T_ML_Rubber_Blue_01_N.uasset" 14
"../../../../../Users/wjmzb/Documents/Unreal Projects/Jamfuser21_DCU/Content/Materials/EditorPH/MaterialLayers/T_ML_Rubber_Blue_01_D.uasset" 15
"../../../../../Users/wjmzb/Documents/Unreal Projects/Jamfuser21_DCU/Content/Materials/EditorPH/MaterialLayers/T_ML_Aluminum01_N.uasset" 16
"../../../../../Users/wjmzb/Documents/Unreal Projects/Jamfuser21_DCU/Content/Materials/EditorPH/MaterialLayers/T_ML_Aluminum01.uasset" 17
"../../../../../Users/wjmzb/Documents/Unreal Projects/Jamfuser21_DCU/Content/Materials/EditorPH/MaterialLayers/ML_SoftMetal_UE4.uasset" 18
"../../../../../Users/wjmzb/Documents/Unreal Projects/Jamfuser21_DCU/Content/Materials/EditorPH/MaterialLayers/ML_Plastic_Shiny_Beige_LOGO.uasset" 19
"../../../../../Users/wjmzb/Documents/Unreal Projects/Jamfuser21_DCU/Content/Materials/EditorPH/MaterialLayers/ML_Plastic_Shiny_Beige.uasset" 20
"../../../../../Users/wjmzb/Documents/Unreal Projects/Jamfuser21_DCU/Content/Materials/EditorPH/MaterialLayers/ML_GlossyBlack_Latex_UE4.uasset" 21
"../../../Engine/Content/Functions/MaterialLayerFunctions/MatLayerBlend_Simple.uasset" 22
"../../../Engine/Content/Functions/Engine_MaterialFunctions02/Utility/BlendAngleCorrectedNormals.uasset" 23
"../../../Engine/Content/Functions/MaterialLayerFunctions/MatLayerBlend_NormalBlend.uasset" 24
"../../../../../Users/wjmzb/Documents/Unreal Projects/Jamfuser21_DCU/Content/Materials/EditorPH/M_Male_Body.uasset" 25
"../../../../../Users/wjmzb/Documents/Unreal Projects/Jamfuser21_DCU/Content/Materials/EditorPH/MI_Female_Body.uasset" 26
"../../../../../Users/wjmzb/Documents/Unreal Projects/Jamfuser21_DCU/Content/Materials/EditorPH/_DefaultMaterial.uasset" 27
"../../../../../Users/wjmzb/Documents/Unreal Projects/Jamfuser21_DCU/Content/Meshes/EditorPH/LeftArm_StaticMesh.uasset" 28
"../../../../../Users/wjmzb/Documents/Unreal Projects/Jamfuser21_DCU/Content/Blueprints/Weapon_Dev.uasset" 29
"../../../../../Users/wjmzb/Documents/Unreal Projects/Jamfuser21_DCU/Content/Meshes/EditorPH/Bump_StaticMesh.uasset" 30
"../../../../../Users/wjmzb/Documents/Unreal Projects/Jamfuser21_DCU/Content/Blueprints/Weapon_Design.uasset" 31
"../../../../../Users/wjmzb/Documents/Unreal Projects/Jamfuser21_DCU/Content/Meshes/EditorPH/RightArm_StaticMesh.uasset" 32
"../../../../../Users/wjmzb/Documents/Unreal Projects/Jamfuser21_DCU/Content/Blueprints/Weapon_Art.uasset" 33
"../../../../../Users/wjmzb/Documents/Unreal Projects/Jamfuser21_DCU/Content/Textures/Umbrella/umbrella_umbrella_Roughness.uasset" 34
"../../../../../Users/wjmzb/Documents/Unreal Projects/Jamfuser21_DCU/Content/Textures/Umbrella/umbrella_umbrella_Normal.uasset" 35
"../../../../../Users/wjmzb/Documents/Unreal Projects/Jamfuser21_DCU/Content/Textures/Umbrella/umbrella_umbrella_Height.uasset" 36
"../../../../../Users/wjmzb/Documents/Unreal Projects/Jamfuser21_DCU/Content/Textures/Umbrella/umbrella_umbrella_BaseColor.uasset" 37
"../../../../../Users/wjmzb/Documents/Unreal Projects/Jamfuser21_DCU/Content/Materials/Umbrella_Art.uasset" 38
"../../../../../Users/wjmzb/Documents/Unreal Projects/Jamfuser21_DCU/Content/Meshes/umbrella.uasset" 39
"../../../../../Users/wjmzb/Documents/Unreal Projects/Jamfuser21_DCU/Content/Blueprints/Umbrella.uasset" 40
"../../../../../Users/wjmzb/Documents/Unreal Projects/Jamfuser21_DCU/Content/Meshes/EditorPH/SK_Mannequin_PhysicsAsset.uasset" 41
"../../../../../Users/wjmzb/Documents/Unreal Projects/Jamfuser21_DCU/Content/Textures/EditorPH/T_UE4Logo_N.uasset" 42
"../../../../../Users/wjmzb/Documents/Unreal Projects/Jamfuser21_DCU/Content/Materials/EditorPH/M_UE4Man_ChestLogo.uasset" 43
"../../../../../Users/wjmzb/Documents/Unreal Projects/Jamfuser21_DCU/Content/Meshes/EditorPH/SK_Mannequin.uasset" 44
"../../../../../Users/wjmzb/Documents/Unreal Projects/Jamfuser21_DCU/Content/Meshes/EditorPH/1M_Cube.uasset" 45
"../../../../../Users/wjmzb/Documents/Unreal Projects/Jamfuser21_DCU/Content/Blueprints/Weapon_DevSuper.uasset" 46
"../../../../../Users/wjmzb/Documents/Unreal Projects/Jamfuser21_DCU/Content/Blueprints/Weapon_DesignSupper.uasset" 47
"../../../../../Users/wjmzb/Documents/Unreal Projects/Jamfuser21_DCU/Content/Blueprints/Weapon_ArtSupper.uasset" 48
"../../../../../Users/wjmzb/Documents/Unreal Projects/Jamfuser21_DCU/Content/Behaviour/DCU_GameState.uasset" 49
"../../../../../Users/wjmzb/Documents/Unreal Projects/Jamfuser21_DCU/Content/Behaviour/DCU_PlayerState.uasset" 50
"../../../../../Users/wjmzb/Documents/Unreal Projects/Jamfuser21_DCU/Content/Textures/UI/riffic.uasset" 51
"../../../../../Users/wjmzb/Documents/Unreal Projects/Jamfuser21_DCU/Content/Textures/UI/riffic_Font.uasset" 52
"../../../../../Users/wjmzb/Documents/Unreal Projects/Jamfuser21_DCU/Content/Widgets/W_LevelCompleted.uasset" 53
"../../../../../Users/wjmzb/Documents/Unreal Projects/Jamfuser21_DCU/Content/Textures/UI/UI_Button_New.uasset" 54
"../../../../../Users/wjmzb/Documents/Unreal Projects/Jamfuser21_DCU/Content/Textures/UI/UI_Button.uasset" 55
"../../../../../Users/wjmzb/Documents/Unreal Projects/Jamfuser21_DCU/Content/Behaviour/DCU_GameInstance.uasset" 56
"../../../../../Users/wjmzb/Documents/Unreal Projects/Jamfuser21_DCU/Content/Widgets/W_GameOver.uasset" 57
"../../../../../Users/wjmzb/Documents/Unreal Projects/Jamfuser21_DCU/Content/Textures/UI/Bars/bar_reload_img.uasset" 58
"../../../../../Users/wjmzb/Documents/Unreal Projects/Jamfuser21_DCU/Content/Textures/UI/Bars/bar_reload_fill.uasset" 59
"../../../../../Users/wjmzb/Documents/Unreal Projects/Jamfuser21_DCU/Content/Textures/UI/Bars/bar_reload_bg.uasset" 60
"../../../../../Users/wjmzb/Documents/Unreal Projects/Jamfuser21_DCU/Content/Textures/UI/Bars/bar_health_img.uasset" 61
"../../../../../Users/wjmzb/Documents/Unreal Projects/Jamfuser21_DCU/Content/Textures/UI/Bars/bar_health_fill.uasset" 62
"../../../../../Users/wjmzb/Documents/Unreal Projects/Jamfuser21_DCU/Content/Textures/UI/Bars/bar_health_bg.uasset" 63
"../../../../../Users/wjmzb/Documents/Unreal Projects/Jamfuser21_DCU/Content/Textures/UI/Cards/Card_EmptyCombo.uasset" 64
"../../../../../Users/wjmzb/Documents/Unreal Projects/Jamfuser21_DCU/Content/Textures/UI/Cards/Card_DevSkill.uasset" 65
"../../../../../Users/wjmzb/Documents/Unreal Projects/Jamfuser21_DCU/Content/Textures/UI/Cards/Card_DevAttack.uasset" 66
"../../../../../Users/wjmzb/Documents/Unreal Projects/Jamfuser21_DCU/Content/Textures/UI/Cards/Card_DesSkill.uasset" 67
"../../../../../Users/wjmzb/Documents/Unreal Projects/Jamfuser21_DCU/Content/Textures/UI/Cards/Card_DesAttack.uasset" 68
"../../../../../Users/wjmzb/Documents/Unreal Projects/Jamfuser21_DCU/Content/Textures/UI/Cards/Card_ArtSkill.uasset" 69
"../../../../../Users/wjmzb/Documents/Unreal Projects/Jamfuser21_DCU/Content/Textures/UI/Cards/Card_ArtAttack.uasset" 70
"../../../../../Users/wjmzb/Documents/Unreal Projects/Jamfuser21_DCU/Content/Widgets/W_GameHUD.uasset" 71
"../../../../../Users/wjmzb/Documents/Unreal Projects/Jamfuser21_DCU/Content/Widgets/W_GameCompleted.uasset" 72
"../../../../../Users/wjmzb/Documents/Unreal Projects/Jamfuser21_DCU/Content/Behaviour/DCU_PlayerController.uasset" 73
"../../../Engine/Content/EditorBlueprintResources/StandardMacros.uasset" 74
"../../../../../Users/wjmzb/Documents/Unreal Projects/Jamfuser21_DCU/Content/Behaviour/DCU_GameMode.uasset" 75
"../../../../../Users/wjmzb/Documents/Unreal Projects/Jamfuser21_DCU/Content/Animations/EditorPH/ThirdPersonWalk.uasset" 76
"../../../../../Users/wjmzb/Documents/Unreal Projects/Jamfuser21_DCU/Content/Animations/EditorPH/ThirdPersonIdle.uasset" 77
"../../../../../Users/wjmzb/Documents/Unreal Projects/Jamfuser21_DCU/Content/Animations/EditorPH/ThirdPersonRun.uasset" 78
"../../../../../Users/wjmzb/Documents/Unreal Projects/Jamfuser21_DCU/Content/Animations/EditorPH/ThirdPerson_IdleRun_2D.uasset" 79
"../../../../../Users/wjmzb/Documents/Unreal Projects/Jamfuser21_DCU/Content/Animations/EditorPH/ThirdPerson_Jump.uasset" 80
"../../../../../Users/wjmzb/Documents/Unreal Projects/Jamfuser21_DCU/Content/Animations/EditorPH/ThirdPersonJump_Loop.uasset" 81
"../../../../../Users/wjmzb/Documents/Unreal Projects/Jamfuser21_DCU/Content/Animations/EditorPH/ThirdPersonJump_Start.uasset" 82
"../../../../../Users/wjmzb/Documents/Unreal Projects/Jamfuser21_DCU/Content/Animations/EditorPH/ThirdPerson_AnimBP.uasset" 83
"../../../../../Users/wjmzb/Documents/Unreal Projects/Jamfuser21_DCU/Content/Blueprints/SkilledCharacter.uasset" 84
"../../../../../Users/wjmzb/Documents/Unreal Projects/Jamfuser21_DCU/Content/Blueprints/Damage_Square.uasset" 85
"../../../../../Users/wjmzb/Documents/Unreal Projects/Jamfuser21_DCU/Content/Materials/Bosses/Material_001.uasset" 86
"../../../../../Users/wjmzb/Documents/Unreal Projects/Jamfuser21_DCU/Content/Meshes/Bosses/GABE_4_TEXTURING_2_Cube.uasset" 87
"../../../../../Users/wjmzb/Documents/Unreal Projects/Jamfuser21_DCU/Content/Meshes/Bosses/GABE_4_TEXTURING_2_Cube_001.uasset" 88
"../../../../../Users/wjmzb/Documents/Unreal Projects/Jamfuser21_DCU/Content/Meshes/Bosses/GABE_4_TEXTURING_2_Cube_002.uasset" 89
"../../../../../Users/wjmzb/Documents/Unreal Projects/Jamfuser21_DCU/Content/Meshes/Bosses/GABE_4_TEXTURING_2_Cylinder.uasset" 90
"../../../../../Users/wjmzb/Documents/Unreal Projects/Jamfuser21_DCU/Content/Materials/Bosses/Material_002.uasset" 91
"../../../../../Users/wjmzb/Documents/Unreal Projects/Jamfuser21_DCU/Content/Meshes/Bosses/GABE_4_TEXTURING_2_Cylinder_001.uasset" 92
"../../../../../Users/wjmzb/Documents/Unreal Projects/Jamfuser21_DCU/Content/Meshes/Bosses/GABE_4_TEXTURING_2_polySurface1.uasset" 93
"../../../../../Users/wjmzb/Documents/Unreal Projects/Jamfuser21_DCU/Content/Meshes/Bosses/GABE_4_TEXTURING_2_polySurface2.uasset" 94
"../../../../../Users/wjmzb/Documents/Unreal Projects/Jamfuser21_DCU/Content/Materials/Bosses/Gabe_BodySG1.uasset" 95
"../../../../../Users/wjmzb/Documents/Unreal Projects/Jamfuser21_DCU/Content/Meshes/Bosses/GABE_4_TEXTURING_2_uvd_model.uasset" 96
"../../../../../Users/wjmzb/Documents/Unreal Projects/Jamfuser21_DCU/Content/Textures/Programming/ProgrEnvironment6_keyboard_OcclusionRoughnessMetallic.uasset" 97
"../../../../../Users/wjmzb/Documents/Unreal Projects/Jamfuser21_DCU/Content/Textures/Programming/ProgrEnvironment6_keyboard_Normal.uasset" 98
"../../../../../Users/wjmzb/Documents/Unreal Projects/Jamfuser21_DCU/Content/Textures/Programming/ProgrEnvironment6_keyboard_BaseColor.uasset" 99
"../../../../../Users/wjmzb/Documents/Unreal Projects/Jamfuser21_DCU/Content/Materials/Programming/Prog_Keyboard.uasset" 100
"../../../../../Users/wjmzb/Documents/Unreal Projects/Jamfuser21_DCU/Content/Meshes/Dev/keyboards.uasset" 101
"../../../../../Users/wjmzb/Documents/Unreal Projects/Jamfuser21_DCU/Content/Textures/Programming/computer_all_rasters_Roughness.uasset" 102
"../../../../../Users/wjmzb/Documents/Unreal Projects/Jamfuser21_DCU/Content/Textures/Programming/computer_all_rasters_Opacity.uasset" 103
"../../../../../Users/wjmzb/Documents/Unreal Projects/Jamfuser21_DCU/Content/Textures/Programming/computer_all_rasters_Normal.uasset" 104
"../../../../../Users/wjmzb/Documents/Unreal Projects/Jamfuser21_DCU/Content/Textures/Programming/computer_all_rasters_Metallic.uasset" 105
"../../../../../Users/wjmzb/Documents/Unreal Projects/Jamfuser21_DCU/Content/Textures/Programming/computer_all_rasters_Height.uasset" 106
"../../../../../Users/wjmzb/Documents/Unreal Projects/Jamfuser21_DCU/Content/Textures/Programming/computer_all_rasters_BaseColor.uasset" 107
"../../../../../Users/wjmzb/Documents/Unreal Projects/Jamfuser21_DCU/Content/Materials/Programming/Prog_Computer_All_Rasters.uasset" 108
"../../../../../Users/wjmzb/Documents/Unreal Projects/Jamfuser21_DCU/Content/Meshes/Dev/supercomp_fancovers.uasset" 109
"../../../../../Users/wjmzb/Documents/Unreal Projects/Jamfuser21_DCU/Content/Meshes/EditorPH/Linear_Stair_StaticMesh.uasset" 110
"../../../../../Users/wjmzb/Documents/Unreal Projects/Jamfuser21_DCU/Content/Meshes/EditorPH/Ramp_StaticMesh.uasset" 111
"../../../../../Users/wjmzb/Documents/Unreal Projects/Jamfuser21_DCU/Content/Meshes/EditorPH/SK_Mannequin_Female_PhysicsAsset.uasset" 112
"../../../../../Users/wjmzb/Documents/Unreal Projects/Jamfuser21_DCU/Content/Meshes/EditorPH/SK_Mannequin_Female.uasset" 113
"../../../../../Users/wjmzb/Documents/Unreal Projects/Jamfuser21_DCU/Content/Sounds/Music_ArtBoss.uasset" 114
"../../../../../Users/wjmzb/Documents/Unreal Projects/Jamfuser21_DCU/Content/Sounds/Music_DesignBoss.uasset" 115
"../../../../../Users/wjmzb/Documents/Unreal Projects/Jamfuser21_DCU/Content/Sounds/Music_ProgrammingBoss.uasset" 116
"../../../../../Users/wjmzb/Documents/Unreal Projects/Jamfuser21_DCU/Content/Sounds/Sound_CardReset.uasset" 117
"../../../../../Users/wjmzb/Documents/Unreal Projects/Jamfuser21_DCU/Content/Sounds/Sound_ComboAttack.uasset" 118
"../../../../../Users/wjmzb/Documents/Unreal Projects/Jamfuser21_DCU/Content/Sounds/Sound_ComboSkill.uasset" 119
"../../../../../Users/wjmzb/Documents/Unreal Projects/Jamfuser21_DCU/Content/Sounds/Sound_Dash.uasset" 120
"../../../../../Users/wjmzb/Documents/Unreal Projects/Jamfuser21_DCU/Content/Sounds/Sound_FullDamagePlayer.uasset" 121
"../../../../../Users/wjmzb/Documents/Unreal Projects/Jamfuser21_DCU/Content/Sounds/Sound_Heel.uasset" 122
"../../../../../Users/wjmzb/Documents/Unreal Projects/Jamfuser21_DCU/Content/Sounds/Sound_Shield.uasset" 123
"../../../../../Users/wjmzb/Documents/Unreal Projects/Jamfuser21_DCU/Content/Textures/Bosses/GABE_4_TEXTURING_2_BodySG1_BaseColor_1001.uasset" 124
"../../../../../Users/wjmzb/Documents/Unreal Projects/Jamfuser21_DCU/Content/Textures/Bosses/GABE_4_TEXTURING_2_BodySG1_Normal_1001.uasset" 125
"../../../../../Users/wjmzb/Documents/Unreal Projects/Jamfuser21_DCU/Content/Textures/Bosses/GABE_4_TEXTURING_2_BodySG1_OcclusionRoughnessMetallic_1001.uasset" 126
"../../../../../Users/wjmzb/Documents/Unreal Projects/Jamfuser21_DCU/Content/Textures/Bosses/GABE_4_TEXTURING_2_Material_002_BaseColor_1001.uasset" 127
"../../../../../Users/wjmzb/Documents/Unreal Projects/Jamfuser21_DCU/Content/Textures/Bosses/GABE_4_TEXTURING_2_Material_002_Normal_1001.uasset" 128
"../../../../../Users/wjmzb/Documents/Unreal Projects/Jamfuser21_DCU/Content/Textures/Bosses/GABE_4_TEXTURING_2_Material_002_OcclusionRoughnessMetallic_1001.uasset" 129
"../../../../../Users/wjmzb/Documents/Unreal Projects/Jamfuser21_DCU/Content/Textures/Bosses/GABE_4_TEXTURING_2_Material_003_BaseColor_1001.uasset" 130
"../../../../../Users/wjmzb/Documents/Unreal Projects/Jamfuser21_DCU/Content/Textures/Bosses/GABE_4_TEXTURING_2_Material_003_Normal_1001.uasset" 131
"../../../../../Users/wjmzb/Documents/Unreal Projects/Jamfuser21_DCU/Content/Textures/Bosses/GABE_4_TEXTURING_2_Material_003_OcclusionRoughnessMetallic_1001.uasset" 132
"../../../../../Users/wjmzb/Documents/Unreal Projects/Jamfuser21_DCU/Content/Textures/Design/conc1001.uasset" 133
"../../../../../Users/wjmzb/Documents/Unreal Projects/Jamfuser21_DCU/Content/Textures/Design/conc1002.uasset" 134
"../../../../../Users/wjmzb/Documents/Unreal Projects/Jamfuser21_DCU/Content/Textures/Design/conc1003.uasset" 135
"../../../../../Users/wjmzb/Documents/Unreal Projects/Jamfuser21_DCU/Content/Textures/Design/conc1004.uasset" 136
"../../../../../Users/wjmzb/Documents/Unreal Projects/Jamfuser21_DCU/Content/Textures/Design/mat1001.uasset" 137
"../../../../../Users/wjmzb/Documents/Unreal Projects/Jamfuser21_DCU/Content/Textures/Design/Mat1002.uasset" 138
"../../../../../Users/wjmzb/Documents/Unreal Projects/Jamfuser21_DCU/Content/Textures/Design/mat1003.uasset" 139
"../../../../../Users/wjmzb/Documents/Unreal Projects/Jamfuser21_DCU/Content/Textures/Design/mat1004.uasset" 140
"../../../../../Users/wjmzb/Documents/Unreal Projects/Jamfuser21_DCU/Content/Textures/Placeholder/CardFive.uasset" 141
"../../../../../Users/wjmzb/Documents/Unreal Projects/Jamfuser21_DCU/Content/Textures/Placeholder/CardFour.uasset" 142
"../../../../../Users/wjmzb/Documents/Unreal Projects/Jamfuser21_DCU/Content/Textures/Placeholder/CardOne.uasset" 143
"../../../../../Users/wjmzb/Documents/Unreal Projects/Jamfuser21_DCU/Content/Textures/Placeholder/CardSix.uasset" 144
"../../../../../Users/wjmzb/Documents/Unreal Projects/Jamfuser21_DCU/Content/Textures/Placeholder/CardThree.uasset" 145
"../../../../../Users/wjmzb/Documents/Unreal Projects/Jamfuser21_DCU/Content/Textures/Placeholder/CardTwo.uasset" 146
"../../../Engine/Content/ArtTools/RenderToTexture/Meshes/S_1_Unit_Plane.uasset" 147
"../../../Engine/Content/EngineMaterials/DefaultMaterial.uasset" 148
"../../../Engine/Content/BasicShapes/Cone.uasset" 149
"../../../Engine/Content/BasicShapes/Plane.uasset" 150
"../../../Engine/Content/BasicShapes/Sphere.uasset" 151
"../../../Engine/Content/EditorLandscapeResources/DataLayer.uasset" 152
"../../../Engine/Content/EditorLandscapeResources/DefaultAlphaTexture.uasset" 153
"../../../Engine/Content/EditorMaterials/MAT_Groups_Toggle.uasset" 154
"../../../Engine/Content/EditorMaterials/MAT_Groups_Visibility.uasset" 155
"../../../Engine/Content/EditorMaterials/PreviewShadowIndicator.uasset" 156
"../../../Engine/Content/EditorMaterials/PreviewShadowIndicatorMaterial.uasset" 157
"../../../Engine/Content/EditorMaterials/MatineeGroups/MAT_ColorTrack.uasset" 158
"../../../Engine/Content/EditorMaterials/MatineeGroups/MAT_Groups_Anim.uasset" 159
"../../../Engine/Content/EditorMaterials/MatineeGroups/MAT_Groups_AudioMaster.uasset" 160
"../../../Engine/Content/EditorMaterials/MatineeGroups/MAT_Groups_Director.uasset" 161
"../../../Engine/Content/EditorMaterials/MatineeGroups/MAT_Groups_Event.uasset" 162
"../../../Engine/Content/EditorMaterials/MatineeGroups/MAT_Groups_Fade.uasset" 163
"../../../Engine/Content/EditorMaterials/MatineeGroups/MAT_Groups_Float.uasset" 164
"../../../Engine/Content/EditorMaterials/MatineeGroups/MAT_Groups_Move.uasset" 165
"../../../Engine/Content/EditorMaterials/MatineeGroups/MAT_Groups_Slomo.uasset" 166
"../../../Engine/Content/EditorMaterials/MatineeGroups/MAT_Groups_Sound.uasset" 167
"../../../Engine/Content/EditorMaterials/MatineeGroups/MAT_Groups_Vector.uasset" 168
"../../../Engine/Content/EditorMaterials/ParticleSystems/PSysThumbnail_NoImage.uasset" 169
"../../../Engine/Content/EditorMaterials/ParticleSystems/PSysThumbnail_OOD.uasset" 170
"../../../Engine/Content/EditorMaterials/Camera/CineMat.uasset" 171
"../../../Engine/Content/EditorMaterials/Camera/MI_CineMat_Rig.uasset" 172
"../../../Engine/Content/EditorMeshes/Camera/SM_CraneRig_Arm.uasset" 173
"../../../Engine/Content/EditorMeshes/Camera/SM_CraneRig_Base.uasset" 174
"../../../Engine/Content/EditorMeshes/Camera/SM_CraneRig_Body.uasset" 175
"../../../Engine/Content/EditorMeshes/Camera/SM_CraneRig_Mount.uasset" 176
"../../../Engine/Content/EditorMeshes/Camera/SM_RailRig_Mount.uasset" 177
"../../../Engine/Content/EditorMeshes/Camera/SM_RailRig_Track.uasset" 178
"../../../Engine/Content/EditorResources/BSPVertex.uasset" 179
"../../../Engine/Content/EditorResources/EmptyActor.uasset" 180
"../../../Engine/Content/EditorResources/S_Actor.uasset" 181
"../../../Engine/Content/EditorResources/S_Note.uasset" 182
"../../../Engine/Content/EditorResources/S_Solver.uasset" 183
"../../../Engine/Content/EditorResources/S_Terrain.uasset" 184
"../../../Engine/Content/EditorResources/S_Trigger.uasset" 185
"../../../Engine/Content/EditorResources/LightIcons/S_LightError.uasset" 186
"../../../Engine/Content/EditorResources/SequenceRecorder/Countdown.uasset" 187
"../../../Engine/Content/EditorResources/SequenceRecorder/RecordingIndicator.uasset" 188
"../../../Engine/Content/EngineDamageTypes/DmgTypeBP_Environmental.uasset" 189
"../../../Engine/Content/EngineDebugMaterials/DebugEditorMaterial.uasset" 190
"../../../Engine/Content/EngineDebugMaterials/DebugMeshMaterial.uasset" 191
"../../../Engine/Content/EngineDebugMaterials/M_SimpleUnlitTranslucent.uasset" 192
"../../../Engine/Content/EngineDebugMaterials/VolumeToRender.uasset" 193
"../../../Engine/Content/Functions/Engine_MaterialFunctions02/Utility/CameraDirectionVector.uasset" 194
"../../../Engine/Content/EngineDebugMaterials/M_VolumeRenderSphereTracePP.uasset" 195
"../../../Engine/Content/Functions/Engine_MaterialFunctions01/Shading/ConvertFromDiffSpec.uasset" 196
"../../../Engine/Content/EngineDebugMaterials/VertexColorMaterial.uasset" 197
"../../../Engine/Content/EngineDebugMaterials/WireframeMaterial.uasset" 198
"../../../Engine/Content/EngineFonts/Faces/RobotoRegular.uasset" 199
"../../../Engine/Content/EngineFonts/Faces/RobotoLight.uasset" 200
"../../../Engine/Content/EngineFonts/Faces/RobotoItalic.uasset" 201
"../../../Engine/Content/EngineFonts/Faces/RobotoBoldItalic.uasset" 202
"../../../Engine/Content/EngineFonts/Faces/RobotoBold.uasset" 203
"../../../Engine/Content/EngineFonts/Faces/DroidSansFallback.uasset" 204
"../../../Engine/Content/EngineFonts/Roboto.uasset" 205
"../../../Engine/Content/EngineMaterials/BaseFlattenNormalMap.uasset" 206
"../../../Engine/Content/EngineMaterials/BaseFlattenGrayscaleMap.uasset" 207
"../../../Engine/Content/EngineMaterials/BaseFlattenEmissiveMap.uasset" 208
"../../../Engine/Content/EngineMaterials/BaseFlattenDiffuseMap.uasset" 209
"../../../Engine/Content/EngineMaterials/BaseFlattenMaterial.uasset" 210
"../../../Engine/Content/EngineMaterials/BlueNoise.uasset" 211
"../../../Engine/Content/EngineMaterials/DefaultBloomKernel.uasset" 212
"../../../Engine/Content/EngineMaterials/DefaultBokeh.uasset" 213
"../../../Engine/Content/EngineMaterials/DefaultDiffuse.uasset" 214
"../../../Engine/Content/EngineMaterials/DefaultDeferredDecalMaterial.uasset" 215
"../../../Engine/Content/EngineMaterials/DefaultLightFunctionMaterial.uasset" 216
"../../../Engine/Content/EngineMaterials/DefaultPhysicalMaterial.uasset" 217
"../../../Engine/Content/Functions/Engine_MaterialFunctions02/Utility/BreakOutFloat2Components.uasset" 218
"../../../Engine/Content/EngineMaterials/DefaultPostProcessMaterial.uasset" 219
"../../../Engine/Content/EngineFonts/RobotoDistanceField.uasset" 220
"../../../Engine/Content/EngineMaterials/DefaultTextMaterialOpaque.uasset" 221
"../../../Engine/Content/EngineMaterials/DefaultWhiteGrid.uasset" 222
"../../../Engine/Content/EngineMaterials/DefaultWhiteGrid_Low.uasset" 223
"../../../Engine/Content/EngineMaterials/EmissiveMeshMaterial.uasset" 224
"../../../Engine/Content/EngineMaterials/GizmoMaterial.uasset" 225
"../../../Engine/Content/EngineMaterials/Good64x64TilingNoiseHighFreq.uasset" 226
"../../../Engine/Content/EngineMaterials/MiniFont.uasset" 227
"../../../Engine/Content/EngineMaterials/InvalidLightmapSettings.uasset" 228
"../../../Engine/Content/EngineMaterials/M_InvalidLightmapSettings.uasset" 229
"../../../Engine/Content/Functions/Engine_MaterialFunctions02/WorldPositionOffset/CameraOffset.uasset" 230
"../../../Engine/Content/EngineMaterials/PhAT_JointLimitMaterial.uasset" 231
"../../../Engine/Content/EngineMaterials/PreintegratedSkinBRDF.uasset" 232
"../../../Engine/Content/EngineMaterials/RemoveSurfaceMaterial.uasset" 233
"../../../Engine/Content/EngineMaterials/WeightMapPlaceholderTexture.uasset" 234
"../../../Engine/Content/EngineResources/WhiteSquareTexture.uasset" 235
"../../../Engine/Content/EngineMaterials/Widget3DPassThrough.uasset" 236
"../../../Engine/Content/EngineMaterials/Widget3DPassThrough_Masked.uasset" 237
"../../../Engine/Content/EngineMaterials/Widget3DPassThrough_Opaque.uasset" 238
"../../../Engine/Content/EngineMaterials/Widget3DPassThrough_Masked_OneSided.uasset" 239
"../../../Engine/Content/EngineMaterials/Widget3DPassThrough_Opaque_OneSided.uasset" 240
"../../../Engine/Content/EngineMaterials/Widget3DPassThrough_Translucent.uasset" 241
"../../../Engine/Content/EngineMaterials/Widget3DPassThrough_Translucent_OneSided.uasset" 242
"../../../Engine/Content/EngineMeshes/Cylinder.uasset" 243
"../../../Engine/Content/EngineMeshes/Sphere.uasset" 244
"../../../Engine/Content/EngineResources/Black.uasset" 245
"../../../Engine/Content/EngineResources/DefaultTextureCube.uasset" 246
"../../../Engine/Content/EngineResources/DefaultVolumeTexture2D.uasset" 247
"../../../Engine/Content/EngineResources/DefaultVolumeTexture.uasset" 248
"../../../Engine/Content/EngineResources/GradientTexture0.uasset" 249
"../../../Engine/Content/EngineSky/VolumetricClouds/CloudWeatherTexture.uasset" 250
"../../../Engine/Content/EngineSky/VolumetricClouds/CloudGradientTexture.uasset" 251
"../../../Engine/Content/EngineSky/VolumetricClouds/T_NoiseShape64.uasset" 252
"../../../Engine/Content/EngineSky/VolumetricClouds/T_VolumeNoiseShape64.uasset" 253
"../../../Engine/Content/EngineSky/VolumetricClouds/T_NoiseErosion.uasset" 254
"../../../Engine/Content/EngineSky/VolumetricClouds/T_VolumeNoiseErosion32.uasset" 255
"../../../Engine/Content/Functions/Engine_MaterialFunctions02/Utility/MakeFloat2.uasset" 256
"../../../Engine/Content/EngineSky/VolumetricClouds/m_SimpleVolumetricCloud.uasset" 257
"../../../Engine/Content/EngineSky/VolumetricClouds/m_SimpleVolumetricCloud_Inst.uasset" 258
"../../../Engine/Content/EngineSounds/Master.uasset" 259
"../../../Engine/Content/Functions/Engine_MaterialFunctions01/Shading/PowerToRoughness.uasset" 260
"../../../Engine/Content/Maps/Templates/Thumbnails/Default.uasset" 261
"../../../Engine/Content/Maps/Templates/Thumbnails/TimeOfDay.uasset" 262
"../../../Engine/Content/Maps/Templates/Thumbnails/VR-Basic.uasset" 263
"../../../Engine/Content/MobileResources/T_MobileControls_texture.uasset" 264
"../../../Engine/Content/MobileResources/T_MobileMenu2.uasset" 265
"../../../Engine/Content/MobileResources/HUD/AnalogHat.uasset" 266
"../../../Engine/Content/MobileResources/HUD/VirtualJoystick_Thumb.uasset" 267
"../../../Engine/Content/MobileResources/HUD/VirtualJoystick_Background.uasset" 268
"../../../Engine/Content/MobileResources/HUD/DefaultVirtualJoysticks.uasset" 269
"../../../Engine/Content/MobileResources/HUD/LeftVirtualJoystickOnly.uasset" 270
"../../../Engine/Content/MobileResources/HUD/MobileHUDButton1_off.uasset" 271
"../../../Engine/Content/MobileResources/HUD/MobileHUDButton1_on.uasset" 272
"../../../Engine/Content/MobileResources/HUD/MobileHUDButton2_off.uasset" 273
"../../../Engine/Content/MobileResources/HUD/MobileHUDButton2_on.uasset" 274
"../../../Engine/Content/MobileResources/HUD/MobileHUDButton3.uasset" 275
"../../../Engine/Content/MobileResources/HUD/MobileHUDButtonFire.uasset" 276
"../../../Engine/Content/MobileResources/HUD/MobileHUDDirectionPad.uasset" 277
"../../../Engine/Content/MobileResources/HUD/MobileHUDDirectionPad2.uasset" 278
"../../../Engine/Content/MobileResources/HUD/MobileHUDDirectionPad3.uasset" 279
"../../../Engine/Content/MobileResources/HUD/MobileHUDDirectionStick.uasset" 280
"../../../Engine/Content/MobileResources/HUD/T_Castle_ThumbstickInner.uasset" 281
"../../../Engine/Content/MobileResources/HUD/T_Castle_ThumbstickOutter.uasset" 282
"../../../Engine/Content/Tutorial/ContentIntroCurve.uasset" 283
"../../../Engine/Content/Tutorial/Basics/LevelEditorAttract.uasset" 284
"../../../Engine/Content/Tutorial/Basics/TutorialAssets/icon_tab_Levels_40x.uasset" 285
"../../../Engine/Content/Tutorial/Basics/LevelEditorOverview.uasset" 286
"../../../Engine/Content/VREditor/TransformGizmo/TranslucentTransformGizmoMaterial.uasset" 287
"../../../Engine/Content/VREditor/LaserPointer/VR_LaserPower_01.uasset" 288
"../../../Engine/Content/VREditor/TransformGizmo/TransformGizmoMaterial.uasset" 289
"../../../Engine/Content/VREditor/TransformGizmo/BoundingBoxCorner.uasset" 290
"../../../Engine/Content/VREditor/TransformGizmo/BoundingBoxEdge.uasset" 291
"../../../Engine/Content/VREditor/TransformGizmo/PlaneTranslationHandle.uasset" 292
"../../../Engine/Content/VREditor/TransformGizmo/Xray.uasset" 293
"../../../Engine/Content/VREditor/TransformGizmo/Main.uasset" 294
"../../../Engine/Content/VREditor/TransformGizmo/SM_Sequencer_Key.uasset" 295
"../../../Engine/Content/VREditor/TransformGizmo/SM_Sequencer_Node.uasset" 296
"../../Plugins/2D/Paper2D/Content/PlaceholderTextures/DummySpriteTexture.uasset" 297
"../../Plugins/2D/Paper2D/Content/DummySprite.uasset" 298
"../../Plugins/2D/Paper2D/Content/DefaultPaperTerrainMaterial.uasset" 299
"../../Plugins/2D/Paper2D/Content/DefaultSpriteMaterial.uasset" 300
"../../Plugins/2D/Paper2D/Content/MaskedUnlitSpriteMaterial.uasset" 301
"../../Plugins/2D/Paper2D/Content/OpaqueUnlitSpriteMaterial.uasset" 302
"../../../Engine/Content/Functions/Engine_MaterialFunctions02/Utility/BreakOutFloat3Components.uasset" 303
"../../Plugins/Editor/SpeedTreeImporter/Content/SpeedTree9/UnpackInteger3.uasset" 304
"../../Plugins/Editor/SpeedTreeImporter/Content/SpeedTree9/UnpackDirection.uasset" 305
"../../Plugins/Editor/SpeedTreeImporter/Content/SpeedTree9/game_wind_noise.uasset" 306
"../../../Engine/Content/Functions/Engine_MaterialFunctions02/SafeNormalize.uasset" 307
"../../Plugins/Editor/SpeedTreeImporter/Content/SpeedTree9/SpeedTreeWindMotion.uasset" 308
"../../Plugins/Editor/SpeedTreeImporter/Content/SpeedTree9/SpeedTreeBranchMotion.uasset" 309
"../../../Engine/Content/Functions/Engine_MaterialFunctions02/ObjectLocalBounds.uasset" 310
"../../../Engine/Content/Functions/Engine_MaterialFunctions02/UVs/BoundingBoxBased_0-1_UVW.uasset" 311
"../../Plugins/Editor/SpeedTreeImporter/Content/SpeedTree9/SpeedTreeWind.uasset" 312
"../../Plugins/Editor/SpeedTreeImporter/Content/SpeedTree9/SpeedTreeBillboard.uasset" 313
"../../../Engine/Content/EngineResources/DefaultTexture.uasset" 314
"../../Plugins/Editor/SpeedTreeImporter/Content/SpeedTree9/SpeedTreeBillboardMaster.uasset" 315
"../../Plugins/Editor/SpeedTreeImporter/Content/SpeedTree9/SpeedTreeCameraFacing.uasset" 316
"../../Plugins/Editor/SpeedTreeImporter/Content/SpeedTree9/SpeedTreeMaster.uasset" 317
"../../../Engine/Content/ArtTools/RenderToTexture/Materials/Debug/M_Emissive_Color.uasset" 318
"../../../Engine/Content/BasicShapes/Cylinder.uasset" 319
"../../Plugins/Lumin/MagicLeapPassableWorld/Content/MagicLeapARPinInfoActor.uasset" 320
"../../../Engine/Content/Functions/Engine_MaterialFunctions02/Utility/BreakOutFloat4Components.uasset" 321
"../../../Engine/Content/Functions/Engine_MaterialFunctions02/Utility/MakeFloat3.uasset" 322
"../../Plugins/Runtime/Oculus/OculusVR/Content/Materials/OculusMR_ChromaKey.uasset" 323
"../../Plugins/Runtime/Oculus/OculusVR/Content/Materials/OculusMR_OpaqueColoredMaterial.uasset" 324
"../../Plugins/Runtime/Oculus/OculusVR/Content/Materials/PokeAHoleMaterial.uasset" 325
"../../../../../Users/wjmzb/Documents/Unreal Projects/Jamfuser21_DCU/Content/Meshes/TemplateFloor.uasset" 326
"../../../../../Users/wjmzb/Documents/Unreal Projects/Jamfuser21_DCU/Content/Textures/Art/combi_1_lambert_Roughness.uasset" 327
"../../../../../Users/wjmzb/Documents/Unreal Projects/Jamfuser21_DCU/Content/Textures/Art/combi_1_lambert_Normal.uasset" 328
"../../../../../Users/wjmzb/Documents/Unreal Projects/Jamfuser21_DCU/Content/Textures/Art/combi_1_lambert_Height.uasset" 329
"../../../../../Users/wjmzb/Documents/Unreal Projects/Jamfuser21_DCU/Content/Textures/Art/combi_1_lambert_BaseColor.uasset" 330
"../../../../../Users/wjmzb/Documents/Unreal Projects/Jamfuser21_DCU/Content/Materials/Art/Art_Wooden_Pillars.uasset" 331
"../../../../../Users/wjmzb/Documents/Unreal Projects/Jamfuser21_DCU/Content/Meshes/Art/ART_environment_wooden_pilars_.uasset" 332
"../../../../../Users/wjmzb/Documents/Unreal Projects/Jamfuser21_DCU/Content/Textures/Art/tree_lambert_Roughness_UDIM.uasset" 333
"../../../../../Users/wjmzb/Documents/Unreal Projects/Jamfuser21_DCU/Content/Textures/Art/tree_lambert_Normal_UDIM.uasset" 334
"../../../../../Users/wjmzb/Documents/Unreal Projects/Jamfuser21_DCU/Content/Textures/Art/tree_lambert_Height_UDIM.uasset" 335
"../../../../../Users/wjmzb/Documents/Unreal Projects/Jamfuser21_DCU/Content/Textures/Art/tree_lambert_BaseColor_UDIM.uasset" 336
"../../../../../Users/wjmzb/Documents/Unreal Projects/Jamfuser21_DCU/Content/Materials/Art/Art_Tree.uasset" 337
"../../../../../Users/wjmzb/Documents/Unreal Projects/Jamfuser21_DCU/Content/Meshes/Art/ART_environment_tree_.uasset" 338
"../../../../../Users/wjmzb/Documents/Unreal Projects/Jamfuser21_DCU/Content/Textures/Art/rocks_lambert_Roughness.uasset" 339
"../../../../../Users/wjmzb/Documents/Unreal Projects/Jamfuser21_DCU/Content/Textures/Art/rocks_lambert_Height.uasset" 340
"../../../../../Users/wjmzb/Documents/Unreal Projects/Jamfuser21_DCU/Content/Textures/Art/rocks_lambert_BaseColor.uasset" 341
"../../../../../Users/wjmzb/Documents/Unreal Projects/Jamfuser21_DCU/Content/Materials/Art/Art_Rocks.uasset" 342
"../../../../../Users/wjmzb/Documents/Unreal Projects/Jamfuser21_DCU/Content/Meshes/Art/ART_environment_rocks_all.uasset" 343
"../../../../../Users/wjmzb/Documents/Unreal Projects/Jamfuser21_DCU/Content/Textures/Art/plants_lambert_Roughness.uasset" 344
"../../../../../Users/wjmzb/Documents/Unreal Projects/Jamfuser21_DCU/Content/Textures/Art/plants_lambert_BaseColor.uasset" 345
"../../../../../Users/wjmzb/Documents/Unreal Projects/Jamfuser21_DCU/Content/Materials/Art/Art_Plants.uasset" 346
"../../../../../Users/wjmzb/Documents/Unreal Projects/Jamfuser21_DCU/Content/Meshes/Art/ART_environment_plants_all.uasset" 347
"../../../../../Users/wjmzb/Documents/Unreal Projects/Jamfuser21_DCU/Content/Textures/Art/ArtWorldConcept.uasset" 348
"../../../../../Users/wjmzb/Documents/Unreal Projects/Jamfuser21_DCU/Content/Materials/Art/Art_Paper_Small.uasset" 349
"../../../../../Users/wjmzb/Documents/Unreal Projects/Jamfuser21_DCU/Content/Meshes/Art/ART_environment_paper_small.uasset" 350
"../../../../../Users/wjmzb/Documents/Unreal Projects/Jamfuser21_DCU/Content/Textures/Art/palette_lambert_Roughness.uasset" 351
"../../../../../Users/wjmzb/Documents/Unreal Projects/Jamfuser21_DCU/Content/Textures/Art/palette_lambert_Normal.uasset" 352
"../../../../../Users/wjmzb/Documents/Unreal Projects/Jamfuser21_DCU/Content/Textures/Art/palette_lambert_Height.uasset" 353
"../../../../../Users/wjmzb/Documents/Unreal Projects/Jamfuser21_DCU/Content/Textures/Art/palette_lambert_BaseColor.uasset" 354
"../../../../../Users/wjmzb/Documents/Unreal Projects/Jamfuser21_DCU/Content/Materials/Art/Art_Palette.uasset" 355
"../../../../../Users/wjmzb/Documents/Unreal Projects/Jamfuser21_DCU/Content/Meshes/Art/ART_environment_paint_palette.uasset" 356
"../../../../../Users/wjmzb/Documents/Unreal Projects/Jamfuser21_DCU/Content/Textures/Art/brushes_lambert_Roughness.uasset" 357
"../../../../../Users/wjmzb/Documents/Unreal Projects/Jamfuser21_DCU/Content/Textures/Art/brushes_lambert_Opacity.uasset" 358
"../../../../../Users/wjmzb/Documents/Unreal Projects/Jamfuser21_DCU/Content/Textures/Art/brushes_lambert_Metalness.uasset" 359
"../../../../../Users/wjmzb/Documents/Unreal Projects/Jamfuser21_DCU/Content/Textures/Art/brushes_lambert_Height.uasset" 360
"../../../../../Users/wjmzb/Documents/Unreal Projects/Jamfuser21_DCU/Content/Textures/Art/brushes_lambert_BaseColor.uasset" 361
"../../../../../Users/wjmzb/Documents/Unreal Projects/Jamfuser21_DCU/Content/Materials/Art/Art_Brushes.uasset" 362
"../../../../../Users/wjmzb/Documents/Unreal Projects/Jamfuser21_DCU/Content/Meshes/Art/ART_environment_paint_brushes_all.uasset" 363
"../../../../../Users/wjmzb/Documents/Unreal Projects/Jamfuser21_DCU/Content/Textures/Art/mushrooms_lambert_Roughness.uasset" 364
"../../../../../Users/wjmzb/Documents/Unreal Projects/Jamfuser21_DCU/Content/Textures/Art/mushrooms_lambert_BaseColor.uasset" 365
"../../../../../Users/wjmzb/Documents/Unreal Projects/Jamfuser21_DCU/Content/Materials/Art/Art_Mushrooms.uasset" 366
"../../../../../Users/wjmzb/Documents/Unreal Projects/Jamfuser21_DCU/Content/Meshes/Art/ART_environment_mushroom_small.uasset" 367
"../../../../../Users/wjmzb/Documents/Unreal Projects/Jamfuser21_DCU/Content/Meshes/Art/ART_environment_mushroom_medium.uasset" 368
"../../../../../Users/wjmzb/Documents/Unreal Projects/Jamfuser21_DCU/Content/Meshes/Art/ART_environment_mushroom_large.uasset" 369
"../../../../../Users/wjmzb/Documents/Unreal Projects/Jamfuser21_DCU/Content/Textures/Art/cans_lambert_Roughness.uasset" 370
"../../../../../Users/wjmzb/Documents/Unreal Projects/Jamfuser21_DCU/Content/Textures/Art/cans_lambert_Normal.uasset" 371
"../../../../../Users/wjmzb/Documents/Unreal Projects/Jamfuser21_DCU/Content/Textures/Art/cans_lambert_Metallic.uasset" 372
"../../../../../Users/wjmzb/Documents/Unreal Projects/Jamfuser21_DCU/Content/Textures/Art/cans_lambert_Height.uasset" 373
"../../../../../Users/wjmzb/Documents/Unreal Projects/Jamfuser21_DCU/Content/Textures/Art/cans_lambert_BaseColor.uasset" 374
"../../../../../Users/wjmzb/Documents/Unreal Projects/Jamfuser21_DCU/Content/Materials/Art/Art_Cans.uasset" 375
"../../../../../Users/wjmzb/Documents/Unreal Projects/Jamfuser21_DCU/Content/Meshes/Art/ART_environment_jars_all.uasset" 376
"../../../../../Users/wjmzb/Documents/Unreal Projects/Jamfuser21_DCU/Content/Textures/Art/outside_floor_lambert_Roughness.uasset" 377
"../../../../../Users/wjmzb/Documents/Unreal Projects/Jamfuser21_DCU/Content/Textures/Art/outside_floor_lambert_BaseColor.uasset" 378
"../../../../../Users/wjmzb/Documents/Unreal Projects/Jamfuser21_DCU/Content/Materials/Art/Art_Floor_Outside.uasset" 379
"../../../../../Users/wjmzb/Documents/Unreal Projects/Jamfuser21_DCU/Content/Meshes/Art/ART_environment_ground_plane.uasset" 380
"../../../../../Users/wjmzb/Documents/Unreal Projects/Jamfuser21_DCU/Content/Textures/Art/floor_main_lambert_Roughness.uasset" 381
"../../../../../Users/wjmzb/Documents/Unreal Projects/Jamfuser21_DCU/Content/Textures/Art/floor_main_lambert_Height.uasset" 382
"../../../../../Users/wjmzb/Documents/Unreal Projects/Jamfuser21_DCU/Content/Textures/Art/floor_main_lambert_BaseColor.uasset" 383
"../../../../../Users/wjmzb/Documents/Unreal Projects/Jamfuser21_DCU/Content/Materials/Art/Art_Floor_Main.uasset" 384
"../../../../../Users/wjmzb/Documents/Unreal Projects/Jamfuser21_DCU/Content/Meshes/Art/ART_environment_floor_main.uasset" 385
"../../../../../Users/wjmzb/Documents/Unreal Projects/Jamfuser21_DCU/Content/Textures/Art/fences_lambert_Roughness.uasset" 386
"../../../../../Users/wjmzb/Documents/Unreal Projects/Jamfuser21_DCU/Content/Textures/Art/fences_lambert_Normal.uasset" 387
"../../../../../Users/wjmzb/Documents/Unreal Projects/Jamfuser21_DCU/Content/Textures/Art/fences_lambert_Height.uasset" 388
"../../../../../Users/wjmzb/Documents/Unreal Projects/Jamfuser21_DCU/Content/Textures/Art/fences_lambert_BaseColor.uasset" 389
"../../../../../Users/wjmzb/Documents/Unreal Projects/Jamfuser21_DCU/Content/Materials/Art/Art_Fences.uasset" 390
"../../../../../Users/wjmzb/Documents/Unreal Projects/Jamfuser21_DCU/Content/Meshes/Art/ART_environment_fences_all.uasset" 391
"../../../../../Users/wjmzb/Documents/Unreal Projects/Jamfuser21_DCU/Content/Textures/Art/Canvas2.uasset" 392
"../../../../../Users/wjmzb/Documents/Unreal Projects/Jamfuser21_DCU/Content/Materials/Art/Art_Canvas2.uasset" 393
"../../../../../Users/wjmzb/Documents/Unreal Projects/Jamfuser21_DCU/Content/Meshes/Art/ART_environment_canvas_right.uasset" 394
"../../../../../Users/wjmzb/Documents/Unreal Projects/Jamfuser21_DCU/Content/Textures/Art/Canvas1.uasset" 395
"../../../../../Users/wjmzb/Documents/Unreal Projects/Jamfuser21_DCU/Content/Materials/Art/Art_Canvas1.uasset" 396
"../../../../../Users/wjmzb/Documents/Unreal Projects/Jamfuser21_DCU/Content/Meshes/Art/ART_environment_canvas_left.uasset" 397
"../../../../../Users/wjmzb/Documents/Unreal Projects/Jamfuser21_DCU/Content/Textures/Art/bridge_lambert_Roughness_UDIM.uasset" 398
"../../../../../Users/wjmzb/Documents/Unreal Projects/Jamfuser21_DCU/Content/Textures/Art/bridge_lambert_Normal_UDIM.uasset" 399
"../../../../../Users/wjmzb/Documents/Unreal Projects/Jamfuser21_DCU/Content/Textures/Art/bridge_lambert_Metallic_UDIM.uasset" 400
"../../../../../Users/wjmzb/Documents/Unreal Projects/Jamfuser21_DCU/Content/Textures/Art/bridge_lambert_Height_UDIM.uasset" 401
"../../../../../Users/wjmzb/Documents/Unreal Projects/Jamfuser21_DCU/Content/Textures/Art/bridge_lambert_BaseColor_UDIM.uasset" 402
"../../../../../Users/wjmzb/Documents/Unreal Projects/Jamfuser21_DCU/Content/Materials/Art/Art_Bridge.uasset" 403
"../../../../../Users/wjmzb/Documents/Unreal Projects/Jamfuser21_DCU/Content/Meshes/Art/ART_environment_bridge_.uasset" 404
"../../../Engine/Content/EngineSky/T_Sky_Stars.uasset" 405
"../../../Engine/Content/EngineSky/T_Sky_Clouds_M.uasset" 406
"../../../Engine/Content/EngineSky/T_Sky_Blue.uasset" 407
"../../../../../Users/wjmzb/Documents/Unreal Projects/Jamfuser21_DCU/Content/Materials/EditorPH/Transparent_material.uasset" 408
"../../../Engine/Content/EngineSky/M_Sky_Panning_Clouds2.uasset" 409
"../../../../../Users/wjmzb/Documents/Unreal Projects/Jamfuser21_DCU/Content/Textures/Art/View-of-Oban_Bo-Vermeulen.uasset" 410
"../../../../../Users/wjmzb/Documents/Unreal Projects/Jamfuser21_DCU/Content/Materials/Art/Art_Paper_Large.uasset" 411
"../../../../../Users/wjmzb/Documents/Unreal Projects/Jamfuser21_DCU/Content/Meshes/Art/ART_environment_paper_large.uasset" 412
"../../../../../Users/wjmzb/Documents/Unreal Projects/Jamfuser21_DCU/Content/Materials/Rein.uasset" 413
"../../../../../Users/wjmzb/Documents/Unreal Projects/Jamfuser21_DCU/Content/Meshes/Rainyday.uasset" 414
"../../../../../Users/wjmzb/Documents/Unreal Projects/Jamfuser21_DCU/Content/Blueprints/EnemyWeapon_Boss_Rain1.uasset" 415
"../../../../../Users/wjmzb/Documents/Unreal Projects/Jamfuser21_DCU/Content/Meshes/EditorPH/1M_Cube_Chamfer.uasset" 416
"../../../../../Users/wjmzb/Documents/Unreal Projects/Jamfuser21_DCU/Content/Blueprints/EnemyWeapon_Palette.uasset" 417
"../../../../../Users/wjmzb/Documents/Unreal Projects/Jamfuser21_DCU/Content/Materials/EditorPH/NewMaterial.uasset" 418
"../../../../../Users/wjmzb/Documents/Unreal Projects/Jamfuser21_DCU/Content/Blueprints/Boss_Artist.uasset" 419
"../../../Engine/Content/EngineSky/SM_SkySphere.uasset" 420
"../../../Engine/Content/EngineSky/C_Sky_Zenith_Color.uasset" 421
"../../../Engine/Content/EngineSky/C_Sky_Horizon_Color.uasset" 422
"../../../Engine/Content/EngineSky/C_Sky_Cloud_Color.uasset" 423
"../../../Engine/Content/EngineSky/BP_Sky_Sphere.uasset" 424
"../../../../../Users/wjmzb/Documents/Unreal Projects/Jamfuser21_DCU/Content/Materials/EditorPH/DevShield.uasset" 425
"../../../../../Users/wjmzb/Documents/Unreal Projects/Jamfuser21_DCU/Content/Materials/EditorPH/DesignShield.uasset" 426
"../../../../../Users/wjmzb/Documents/Unreal Projects/Jamfuser21_DCU/Content/Materials/EditorPH/ArtShield.uasset" 427
"../../../../../Users/wjmzb/Documents/Unreal Projects/Jamfuser21_DCU/Content/Blueprints/Enemy_Painter.uasset" 428
"../../../../../Users/wjmzb/Documents/Unreal Projects/Jamfuser21_DCU/Content/Maps/ArtLevel.umap" 429
"../../../../../Users/wjmzb/Documents/Unreal Projects/Jamfuser21_DCU/Content/Textures/Design/1003.uasset" 430
"../../../../../Users/wjmzb/Documents/Unreal Projects/Jamfuser21_DCU/Content/Materials/Design/1003_Mat.uasset" 431
"../../../../../Users/wjmzb/Documents/Unreal Projects/Jamfuser21_DCU/Content/Meshes/Des/WoodPlank.uasset" 432
"../../../../../Users/wjmzb/Documents/Unreal Projects/Jamfuser21_DCU/Content/Meshes/Des/design_concept_4_Plane_017.uasset" 433
"../../../../../Users/wjmzb/Documents/Unreal Projects/Jamfuser21_DCU/Content/Meshes/Des/design_concept_4_Plane_016.uasset" 434
"../../../../../Users/wjmzb/Documents/Unreal Projects/Jamfuser21_DCU/Content/Meshes/Des/design_concept_4_Plane_015.uasset" 435
"../../../../../Users/wjmzb/Documents/Unreal Projects/Jamfuser21_DCU/Content/Textures/Design/design_concept_4_Material_001_BaseColor_1001.uasset" 436
"../../../../../Users/wjmzb/Documents/Unreal Projects/Jamfuser21_DCU/Content/Materials/Design/design_concept_4_Material_001_BaseColor_1001_Mat.uasset" 437
"../../../../../Users/wjmzb/Documents/Unreal Projects/Jamfuser21_DCU/Content/Meshes/Des/design_concept_4_Plane_013.uasset" 438
"../../../../../Users/wjmzb/Documents/Unreal Projects/Jamfuser21_DCU/Content/Textures/Design/1004.uasset" 439
"../../../../../Users/wjmzb/Documents/Unreal Projects/Jamfuser21_DCU/Content/Materials/Design/1004_Mat.uasset" 440
"../../../../../Users/wjmzb/Documents/Unreal Projects/Jamfuser21_DCU/Content/Meshes/Des/design_concept_4_Plane_011.uasset" 441
"../../../../../Users/wjmzb/Documents/Unreal Projects/Jamfuser21_DCU/Content/Textures/Design/1002.uasset" 442
"../../../../../Users/wjmzb/Documents/Unreal Projects/Jamfuser21_DCU/Content/Materials/Design/1002_Mat.uasset" 443
"../../../../../Users/wjmzb/Documents/Unreal Projects/Jamfuser21_DCU/Content/Meshes/Des/design_concept_4_Plane_009.uasset" 444
"../../../../../Users/wjmzb/Documents/Unreal Projects/Jamfuser21_DCU/Content/Meshes/Des/design_concept_4_Plane_008.uasset" 445
"../../../../../Users/wjmzb/Documents/Unreal Projects/Jamfuser21_DCU/Content/Meshes/Des/design_concept_4_Plane_005.uasset" 446
"../../../../../Users/wjmzb/Documents/Unreal Projects/Jamfuser21_DCU/Content/Meshes/Des/design_concept_4_Plane_004.uasset" 447
"../../../../../Users/wjmzb/Documents/Unreal Projects/Jamfuser21_DCU/Content/Meshes/Des/design_concept_4_Plane_003.uasset" 448
"../../../../../Users/wjmzb/Documents/Unreal Projects/Jamfuser21_DCU/Content/Meshes/Des/design_concept_4_Plane_002.uasset" 449
"../../../../../Users/wjmzb/Documents/Unreal Projects/Jamfuser21_DCU/Content/Meshes/Des/design_concept_4_Plane.uasset" 450
"../../../../../Users/wjmzb/Documents/Unreal Projects/Jamfuser21_DCU/Content/Meshes/Des/design_concept_4_Cylinder_093.uasset" 451
"../../../../../Users/wjmzb/Documents/Unreal Projects/Jamfuser21_DCU/Content/Meshes/Des/design_concept_4_Cylinder_092.uasset" 452
"../../../../../Users/wjmzb/Documents/Unreal Projects/Jamfuser21_DCU/Content/Meshes/Des/design_concept_4_Cylinder_091.uasset" 453
"../../../../../Users/wjmzb/Documents/Unreal Projects/Jamfuser21_DCU/Content/Meshes/Des/design_concept_4_Cylinder_090.uasset" 454
"../../../../../Users/wjmzb/Documents/Unreal Projects/Jamfuser21_DCU/Content/Meshes/Des/design_concept_4_Cylinder_089.uasset" 455
"../../../../../Users/wjmzb/Documents/Unreal Projects/Jamfuser21_DCU/Content/Meshes/Des/design_concept_4_Cylinder_088.uasset" 456
"../../../../../Users/wjmzb/Documents/Unreal Projects/Jamfuser21_DCU/Content/Meshes/Des/design_concept_4_Cylinder_057.uasset" 457
"../../../../../Users/wjmzb/Documents/Unreal Projects/Jamfuser21_DCU/Content/Meshes/Des/design_concept_4_Cylinder_056.uasset" 458
"../../../../../Users/wjmzb/Documents/Unreal Projects/Jamfuser21_DCU/Content/Meshes/Des/design_concept_4_Cylinder_055.uasset" 459
"../../../../../Users/wjmzb/Documents/Unreal Projects/Jamfuser21_DCU/Content/Meshes/Des/design_concept_4_Cylinder_054.uasset" 460
"../../../../../Users/wjmzb/Documents/Unreal Projects/Jamfuser21_DCU/Content/Meshes/Des/design_concept_4_Cylinder_053.uasset" 461
"../../../../../Users/wjmzb/Documents/Unreal Projects/Jamfuser21_DCU/Content/Meshes/Des/design_concept_4_Cylinder_052.uasset" 462
"../../../../../Users/wjmzb/Documents/Unreal Projects/Jamfuser21_DCU/Content/Meshes/Des/design_concept_4_Cylinder_051.uasset" 463
"../../../../../Users/wjmzb/Documents/Unreal Projects/Jamfuser21_DCU/Content/Meshes/Des/design_concept_4_Cylinder_050.uasset" 464
"../../../../../Users/wjmzb/Documents/Unreal Projects/Jamfuser21_DCU/Content/Meshes/Des/design_concept_4_Cylinder_049.uasset" 465
"../../../../../Users/wjmzb/Documents/Unreal Projects/Jamfuser21_DCU/Content/Meshes/Des/design_concept_4_Cylinder_048.uasset" 466
"../../../../../Users/wjmzb/Documents/Unreal Projects/Jamfuser21_DCU/Content/Meshes/Des/design_concept_4_Cylinder_047.uasset" 467
"../../../../../Users/wjmzb/Documents/Unreal Projects/Jamfuser21_DCU/Content/Meshes/Des/design_concept_4_Cylinder_046.uasset" 468
"../../../../../Users/wjmzb/Documents/Unreal Projects/Jamfuser21_DCU/Content/Meshes/Des/design_concept_4_Cylinder_045.uasset" 469
"../../../../../Users/wjmzb/Documents/Unreal Projects/Jamfuser21_DCU/Content/Meshes/Des/design_concept_4_Cylinder_044.uasset" 470
"../../../../../Users/wjmzb/Documents/Unreal Projects/Jamfuser21_DCU/Content/Meshes/Des/design_concept_4_Cylinder_043.uasset" 471
"../../../../../Users/wjmzb/Documents/Unreal Projects/Jamfuser21_DCU/Content/Meshes/Des/design_concept_4_Cylinder_042.uasset" 472
"../../../../../Users/wjmzb/Documents/Unreal Projects/Jamfuser21_DCU/Content/Meshes/Des/design_concept_4_Cylinder_041.uasset" 473
"../../../../../Users/wjmzb/Documents/Unreal Projects/Jamfuser21_DCU/Content/Meshes/Des/design_concept_4_Cylinder_040.uasset" 474
"../../../../../Users/wjmzb/Documents/Unreal Projects/Jamfuser21_DCU/Content/Meshes/Des/design_concept_4_Cylinder_039.uasset" 475
"../../../../../Users/wjmzb/Documents/Unreal Projects/Jamfuser21_DCU/Content/Meshes/Des/design_concept_4_Cylinder_038.uasset" 476
"../../../../../Users/wjmzb/Documents/Unreal Projects/Jamfuser21_DCU/Content/Meshes/Des/design_concept_4_Cylinder_037.uasset" 477
"../../../../../Users/wjmzb/Documents/Unreal Projects/Jamfuser21_DCU/Content/Meshes/Des/design_concept_4_Cylinder_036.uasset" 478
"../../../../../Users/wjmzb/Documents/Unreal Projects/Jamfuser21_DCU/Content/Meshes/Des/design_concept_4_Cylinder_035.uasset" 479
"../../../../../Users/wjmzb/Documents/Unreal Projects/Jamfuser21_DCU/Content/Meshes/Des/design_concept_4_Cylinder_034.uasset" 480
"../../../../../Users/wjmzb/Documents/Unreal Projects/Jamfuser21_DCU/Content/Meshes/Des/design_concept_4_Cylinder_033.uasset" 481
"../../../../../Users/wjmzb/Documents/Unreal Projects/Jamfuser21_DCU/Content/Meshes/Des/design_concept_4_Cylinder_032.uasset" 482
"../../../../../Users/wjmzb/Documents/Unreal Projects/Jamfuser21_DCU/Content/Meshes/Des/design_concept_4_Cylinder_031.uasset" 483
"../../../../../Users/wjmzb/Documents/Unreal Projects/Jamfuser21_DCU/Content/Meshes/Des/design_concept_4_Cylinder_030.uasset" 484
"../../../../../Users/wjmzb/Documents/Unreal Projects/Jamfuser21_DCU/Content/Meshes/Des/design_concept_4_Cylinder_029.uasset" 485
"../../../../../Users/wjmzb/Documents/Unreal Projects/Jamfuser21_DCU/Content/Meshes/Des/design_concept_4_Cylinder_028.uasset" 486
"../../../../../Users/wjmzb/Documents/Unreal Projects/Jamfuser21_DCU/Content/Meshes/Des/design_concept_4_Cube_023.uasset" 487
"../../../../../Users/wjmzb/Documents/Unreal Projects/Jamfuser21_DCU/Content/Meshes/Des/design_concept_4_Cube_022.uasset" 488
"../../../../../Users/wjmzb/Documents/Unreal Projects/Jamfuser21_DCU/Content/Meshes/Des/design_concept_4_Cube_021.uasset" 489
"../../../../../Users/wjmzb/Documents/Unreal Projects/Jamfuser21_DCU/Content/Meshes/Des/design_concept_4_Cube_020.uasset" 490
"../../../../../Users/wjmzb/Documents/Unreal Projects/Jamfuser21_DCU/Content/Meshes/Des/design_concept_4_Cube_019.uasset" 491
"../../../../../Users/wjmzb/Documents/Unreal Projects/Jamfuser21_DCU/Content/Meshes/Des/design_concept_4_Cube_018.uasset" 492
"../../../../../Users/wjmzb/Documents/Unreal Projects/Jamfuser21_DCU/Content/Meshes/Des/design_concept_4_Cube_017.uasset" 493
"../../../../../Users/wjmzb/Documents/Unreal Projects/Jamfuser21_DCU/Content/Meshes/Des/design_concept_4_Cube_016.uasset" 494
"../../../../../Users/wjmzb/Documents/Unreal Projects/Jamfuser21_DCU/Content/Meshes/Des/design_concept_4_Cube_015.uasset" 495
"../../../../../Users/wjmzb/Documents/Unreal Projects/Jamfuser21_DCU/Content/Meshes/Des/design_concept_4_Cube_014.uasset" 496
"../../../../../Users/wjmzb/Documents/Unreal Projects/Jamfuser21_DCU/Content/Meshes/Des/design_concept_4_Cube_012.uasset" 497
"../../../../../Users/wjmzb/Documents/Unreal Projects/Jamfuser21_DCU/Content/Meshes/Des/design_concept_4_Cube_011.uasset" 498
"../../../../../Users/wjmzb/Documents/Unreal Projects/Jamfuser21_DCU/Content/Meshes/Des/design_concept_4_Cube_010.uasset" 499
"../../../../../Users/wjmzb/Documents/Unreal Projects/Jamfuser21_DCU/Content/Meshes/Des/design_concept_4_Cube_009.uasset" 500
"../../../../../Users/wjmzb/Documents/Unreal Projects/Jamfuser21_DCU/Content/Meshes/Des/design_concept_4_Cube_008.uasset" 501
"../../../../../Users/wjmzb/Documents/Unreal Projects/Jamfuser21_DCU/Content/Meshes/Des/design_concept_4_Cube_007.uasset" 502
"../../../../../Users/wjmzb/Documents/Unreal Projects/Jamfuser21_DCU/Content/Meshes/Des/design_concept_4_Cube_006.uasset" 503
"../../../../../Users/wjmzb/Documents/Unreal Projects/Jamfuser21_DCU/Content/Meshes/Des/design_concept_4_Cube_004.uasset" 504
"../../../../../Users/wjmzb/Documents/Unreal Projects/Jamfuser21_DCU/Content/Meshes/Des/design_concept_4_Cube_003.uasset" 505
"../../../../../Users/wjmzb/Documents/Unreal Projects/Jamfuser21_DCU/Content/Meshes/Des/design_concept_4_Cube_002.uasset" 506
"../../../../../Users/wjmzb/Documents/Unreal Projects/Jamfuser21_DCU/Content/Meshes/Des/design_concept_4_Cube_001.uasset" 507
"../../../../../Users/wjmzb/Documents/Unreal Projects/Jamfuser21_DCU/Content/Maps/DesignLevel_BuiltData.uasset" 508
"../../../../../Users/wjmzb/Documents/Unreal Projects/Jamfuser21_DCU/Content/Meshes/Des/design_concept_4_Cube_013.uasset" 509
"../../../../../Users/wjmzb/Documents/Unreal Projects/Jamfuser21_DCU/Content/Textures/Programming/ProgrEnvironment6_walls_OcclusionRoughnessMetallic.uasset" 510
"../../../../../Users/wjmzb/Documents/Unreal Projects/Jamfuser21_DCU/Content/Textures/Programming/ProgrEnvironment6_walls_Normal.uasset" 511
"../../../../../Users/wjmzb/Documents/Unreal Projects/Jamfuser21_DCU/Content/Textures/Programming/ProgrEnvironment6_walls_BaseColor.uasset" 512
"../../../../../Users/wjmzb/Documents/Unreal Projects/Jamfuser21_DCU/Content/Materials/Programming/Prog_Walls.uasset" 513
"../../../../../Users/wjmzb/Documents/Unreal Projects/Jamfuser21_DCU/Content/Blueprints/Enemy_Runner.uasset" 514
"../../../../../Users/wjmzb/Documents/Unreal Projects/Jamfuser21_DCU/Content/Blueprints/Boss_Design.uasset" 515
"../../../../../Users/wjmzb/Documents/Unreal Projects/Jamfuser21_DCU/Content/Maps/DesignLevel.umap" 516
"../../../../../Users/wjmzb/Documents/Unreal Projects/Jamfuser21_DCU/Content/Textures/UI/Menu_BG.uasset" 517
"../../../../../Users/wjmzb/Documents/Unreal Projects/Jamfuser21_DCU/Content/Textures/UI/Logo_Game.uasset" 518
"../../../../../Users/wjmzb/Documents/Unreal Projects/Jamfuser21_DCU/Content/Textures/UI/Logo_DCU.uasset" 519
"../../../../../Users/wjmzb/Documents/Unreal Projects/Jamfuser21_DCU/Content/Textures/UI/Buttons/Button_G.uasset" 520
"../../../../../Users/wjmzb/Documents/Unreal Projects/Jamfuser21_DCU/Content/Textures/UI/Buttons/Button_F.uasset" 521
"../../../../../Users/wjmzb/Documents/Unreal Projects/Jamfuser21_DCU/Content/Textures/UI/Buttons/Button_E.uasset" 522
"../../../../../Users/wjmzb/Documents/Unreal Projects/Jamfuser21_DCU/Content/Textures/UI/Buttons/Button_D.uasset" 523
"../../../../../Users/wjmzb/Documents/Unreal Projects/Jamfuser21_DCU/Content/Textures/UI/Buttons/Button_A.uasset" 524
"../../../../../Users/wjmzb/Documents/Unreal Projects/Jamfuser21_DCU/Content/Textures/UI/Buttons/Button_W.uasset" 525
"../../../../../Users/wjmzb/Documents/Unreal Projects/Jamfuser21_DCU/Content/Textures/UI/Buttons/Button_SPACE.uasset" 526
"../../../../../Users/wjmzb/Documents/Unreal Projects/Jamfuser21_DCU/Content/Textures/UI/Buttons/Button_S.uasset" 527
"../../../../../Users/wjmzb/Documents/Unreal Projects/Jamfuser21_DCU/Content/Textures/UI/Buttons/Button_Q.uasset" 528
"../../../../../Users/wjmzb/Documents/Unreal Projects/Jamfuser21_DCU/Content/Textures/UI/Buttons/Button_LSHIFT.uasset" 529
"../../../../../Users/wjmzb/Documents/Unreal Projects/Jamfuser21_DCU/Content/Widgets/W_Help.uasset" 530
"../../../../../Users/wjmzb/Documents/Unreal Projects/Jamfuser21_DCU/Content/Textures/UI/LOGO_Jamfuser.uasset" 531
"../../../../../Users/wjmzb/Documents/Unreal Projects/Jamfuser21_DCU/Content/Textures/UI/LOGO_EmploymentPathway.uasset" 532
"../../../../../Users/wjmzb/Documents/Unreal Projects/Jamfuser21_DCU/Content/Widgets/W_Credits.uasset" 533
"../../../../../Users/wjmzb/Documents/Unreal Projects/Jamfuser21_DCU/Content/Widgets/W_MainMenu.uasset" 534
"../../../../../Users/wjmzb/Documents/Unreal Projects/Jamfuser21_DCU/Content/Maps/MainMenu.umap" 535
"../../../../../Users/wjmzb/Documents/Unreal Projects/Jamfuser21_DCU/Content/Maps/PlsWork.umap" 536
"../../../../../Users/wjmzb/Documents/Unreal Projects/Jamfuser21_DCU/Content/Textures/Programming/ProgrEnvironment6_wires_OcclusionRoughnessMetallic.uasset" 537
"../../../../../Users/wjmzb/Documents/Unreal Projects/Jamfuser21_DCU/Content/Textures/Programming/ProgrEnvironment6_wires_Normal.uasset" 538
"../../../../../Users/wjmzb/Documents/Unreal Projects/Jamfuser21_DCU/Content/Textures/Programming/ProgrEnvironment6_wires_BaseColor.uasset" 539
"../../../../../Users/wjmzb/Documents/Unreal Projects/Jamfuser21_DCU/Content/Materials/Programming/Prog_Wires.uasset" 540
"../../../../../Users/wjmzb/Documents/Unreal Projects/Jamfuser21_DCU/Content/Meshes/Dev/wires.uasset" 541
"../../../../../Users/wjmzb/Documents/Unreal Projects/Jamfuser21_DCU/Content/Meshes/Dev/walls.uasset" 542
"../../../../../Users/wjmzb/Documents/Unreal Projects/Jamfuser21_DCU/Content/Textures/Programming/ProgrEnvironment6_wall_poles_OcclusionRoughnessMetallic.uasset" 543
"../../../../../Users/wjmzb/Documents/Unreal Projects/Jamfuser21_DCU/Content/Textures/Programming/ProgrEnvironment6_wall_poles_Normal.uasset" 544
"../../../../../Users/wjmzb/Documents/Unreal Projects/Jamfuser21_DCU/Content/Textures/Programming/ProgrEnvironment6_wall_poles_BaseColor.uasset" 545
"../../../../../Users/wjmzb/Documents/Unreal Projects/Jamfuser21_DCU/Content/Materials/Programming/Prog_Wall_Poles.uasset" 546
"../../../../../Users/wjmzb/Documents/Unreal Projects/Jamfuser21_DCU/Content/Meshes/Dev/wall_poles.uasset" 547
"../../../../../Users/wjmzb/Documents/Unreal Projects/Jamfuser21_DCU/Content/Meshes/Dev/supercomp_fans_Skeleton.uasset" 548
"../../../../../Users/wjmzb/Documents/Unreal Projects/Jamfuser21_DCU/Content/Meshes/Dev/supercomp_fans_PhysicsAsset.uasset" 549
"../../../../../Users/wjmzb/Documents/Unreal Projects/Jamfuser21_DCU/Content/Textures/Programming/computer_all_fans_Roughness.uasset" 550
"../../../../../Users/wjmzb/Documents/Unreal Projects/Jamfuser21_DCU/Content/Textures/Programming/computer_all_fans_Normal.uasset" 551
"../../../../../Users/wjmzb/Documents/Unreal Projects/Jamfuser21_DCU/Content/Textures/Programming/computer_all_fans_Metallic.uasset" 552
"../../../../../Users/wjmzb/Documents/Unreal Projects/Jamfuser21_DCU/Content/Textures/Programming/computer_all_fans_Height.uasset" 553
"../../../../../Users/wjmzb/Documents/Unreal Projects/Jamfuser21_DCU/Content/Textures/Programming/computer_all_fans_BaseColor.uasset" 554
"../../../../../Users/wjmzb/Documents/Unreal Projects/Jamfuser21_DCU/Content/Materials/Programming/Prog_Computer_All_Fans.uasset" 555
"../../../../../Users/wjmzb/Documents/Unreal Projects/Jamfuser21_DCU/Content/Meshes/Dev/supercomp_fans.uasset" 556
"../../../../../Users/wjmzb/Documents/Unreal Projects/Jamfuser21_DCU/Content/Textures/Programming/computer_all_body_Roughness.uasset" 557
"../../../../../Users/wjmzb/Documents/Unreal Projects/Jamfuser21_DCU/Content/Textures/Programming/computer_all_body_Normal.uasset" 558
"../../../../../Users/wjmzb/Documents/Unreal Projects/Jamfuser21_DCU/Content/Textures/Programming/computer_all_body_Metallic.uasset" 559
"../../../../../Users/wjmzb/Documents/Unreal Projects/Jamfuser21_DCU/Content/Textures/Programming/computer_all_body_Height.uasset" 560
"../../../../../Users/wjmzb/Documents/Unreal Projects/Jamfuser21_DCU/Content/Textures/Programming/computer_all_body_Emissive.uasset" 561
"../../../../../Users/wjmzb/Documents/Unreal Projects/Jamfuser21_DCU/Content/Textures/Programming/computer_all_body_BaseColor.uasset" 562
"../../../../../Users/wjmzb/Documents/Unreal Projects/Jamfuser21_DCU/Content/Materials/Programming/Prog_Computer_All_Body.uasset" 563
"../../../../../Users/wjmzb/Documents/Unreal Projects/Jamfuser21_DCU/Content/Meshes/Dev/supercomp_body.uasset" 564
"../../../../../Users/wjmzb/Documents/Unreal Projects/Jamfuser21_DCU/Content/Textures/Programming/ProgrEnvironment6_sockets_OcclusionRoughnessMetallic.uasset" 565
"../../../../../Users/wjmzb/Documents/Unreal Projects/Jamfuser21_DCU/Content/Textures/Programming/ProgrEnvironment6_sockets_Normal.uasset" 566
"../../../../../Users/wjmzb/Documents/Unreal Projects/Jamfuser21_DCU/Content/Textures/Programming/ProgrEnvironment6_sockets_BaseColor.uasset" 567
"../../../../../Users/wjmzb/Documents/Unreal Projects/Jamfuser21_DCU/Content/Materials/Programming/Prog_Sockets.uasset" 568
"../../../../../Users/wjmzb/Documents/Unreal Projects/Jamfuser21_DCU/Content/Meshes/Dev/sockets.uasset" 569
"../../../../../Users/wjmzb/Documents/Unreal Projects/Jamfuser21_DCU/Content/Textures/Programming/ProgrEnvironment6_poles_OcclusionRoughnessMetallic.uasset" 570
"../../../../../Users/wjmzb/Documents/Unreal Projects/Jamfuser21_DCU/Content/Textures/Programming/ProgrEnvironment6_poles_Normal.uasset" 571
"../../../../../Users/wjmzb/Documents/Unreal Projects/Jamfuser21_DCU/Content/Textures/Programming/ProgrEnvironment6_poles_BaseColor.uasset" 572
"../../../../../Users/wjmzb/Documents/Unreal Projects/Jamfuser21_DCU/Content/Materials/Programming/Prog_Poles.uasset" 573
"../../../../../Users/wjmzb/Documents/Unreal Projects/Jamfuser21_DCU/Content/Meshes/Dev/poles.uasset" 574
"../../../../../Users/wjmzb/Documents/Unreal Projects/Jamfuser21_DCU/Content/Textures/Programming/ProgrEnvironment6_old_computers_OcclusionRoughnessMetallic.uasset" 575
"../../../../../Users/wjmzb/Documents/Unreal Projects/Jamfuser21_DCU/Content/Textures/Programming/ProgrEnvironment6_old_computers_Normal.uasset" 576
"../../../../../Users/wjmzb/Documents/Unreal Projects/Jamfuser21_DCU/Content/Textures/Programming/ProgrEnvironment6_old_computers_Emissive.uasset" 577
"../../../../../Users/wjmzb/Documents/Unreal Projects/Jamfuser21_DCU/Content/Textures/Programming/ProgrEnvironment6_old_computers_BaseColor.uasset" 578
"../../../../../Users/wjmzb/Documents/Unreal Projects/Jamfuser21_DCU/Content/Materials/Programming/Prog_Old_Computers.uasset" 579
"../../../../../Users/wjmzb/Documents/Unreal Projects/Jamfuser21_DCU/Content/Meshes/Dev/old_computers.uasset" 580
"../../../../../Users/wjmzb/Documents/Unreal Projects/Jamfuser21_DCU/Content/Textures/Programming/ProgrEnvironment6_monitor_OcclusionRoughnessMetallic.uasset" 581
"../../../../../Users/wjmzb/Documents/Unreal Projects/Jamfuser21_DCU/Content/Textures/Programming/ProgrEnvironment6_monitor_Normal.uasset" 582
"../../../../../Users/wjmzb/Documents/Unreal Projects/Jamfuser21_DCU/Content/Textures/Programming/ProgrEnvironment6_monitor_Emissive.uasset" 583
"../../../../../Users/wjmzb/Documents/Unreal Projects/Jamfuser21_DCU/Content/Textures/Programming/ProgrEnvironment6_monitor_BaseColor.uasset" 584
"../../../../../Users/wjmzb/Documents/Unreal Projects/Jamfuser21_DCU/Content/Materials/Programming/Prog_Monitor.uasset" 585
"../../../../../Users/wjmzb/Documents/Unreal Projects/Jamfuser21_DCU/Content/Meshes/Dev/monitor.uasset" 586
"../../../../../Users/wjmzb/Documents/Unreal Projects/Jamfuser21_DCU/Content/Textures/Programming/ProgrEnvironment6_hatchdoor_Opacity.uasset" 587
"../../../../../Users/wjmzb/Documents/Unreal Projects/Jamfuser21_DCU/Content/Textures/Programming/ProgrEnvironment6_hatchdoor_OcclusionRoughnessMetallic.uasset" 588
"../../../../../Users/wjmzb/Documents/Unreal Projects/Jamfuser21_DCU/Content/Textures/Programming/ProgrEnvironment6_hatchdoor_Normal.uasset" 589
"../../../../../Users/wjmzb/Documents/Unreal Projects/Jamfuser21_DCU/Content/Textures/Programming/ProgrEnvironment6_hatchdoor_BaseColor.uasset" 590
"../../../../../Users/wjmzb/Documents/Unreal Projects/Jamfuser21_DCU/Content/Materials/Programming/Prog_Hatchdoor.uasset" 591
"../../../../../Users/wjmzb/Documents/Unreal Projects/Jamfuser21_DCU/Content/Meshes/Dev/hatchdoor.uasset" 592
"../../../../../Users/wjmzb/Documents/Unreal Projects/Jamfuser21_DCU/Content/Textures/Programming/ProgrEnvironment6_floor_outside_OcclusionRoughnessMetallic.uasset" 593
"../../../../../Users/wjmzb/Documents/Unreal Projects/Jamfuser21_DCU/Content/Textures/Programming/ProgrEnvironment6_floor_outside_Normal.uasset" 594
"../../../../../Users/wjmzb/Documents/Unreal Projects/Jamfuser21_DCU/Content/Textures/Programming/ProgrEnvironment6_floor_outside_BaseColor.uasset" 595
"../../../../../Users/wjmzb/Documents/Unreal Projects/Jamfuser21_DCU/Content/Materials/Programming/Prog_Floor_Outside.uasset" 596
"../../../../../Users/wjmzb/Documents/Unreal Projects/Jamfuser21_DCU/Content/Meshes/Dev/floor_outside.uasset" 597
"../../../../../Users/wjmzb/Documents/Unreal Projects/Jamfuser21_DCU/Content/Textures/Programming/ProgrEnvironment6_floor_main_OcclusionRoughnessMetallic.uasset" 598
"../../../../../Users/wjmzb/Documents/Unreal Projects/Jamfuser21_DCU/Content/Textures/Programming/ProgrEnvironment6_floor_main_Normal.uasset" 599
"../../../../../Users/wjmzb/Documents/Unreal Projects/Jamfuser21_DCU/Content/Textures/Programming/ProgrEnvironment6_floor_main_BaseColor.uasset" 600
"../../../../../Users/wjmzb/Documents/Unreal Projects/Jamfuser21_DCU/Content/Materials/Programming/Prog_Floor_Main.uasset" 601
"../../../../../Users/wjmzb/Documents/Unreal Projects/Jamfuser21_DCU/Content/Meshes/Dev/floor_main.uasset" 602
"../../../../../Users/wjmzb/Documents/Unreal Projects/Jamfuser21_DCU/Content/Textures/Programming/ProgrEnvironment6_fence_poles_OcclusionRoughnessMetallic.uasset" 603
"../../../../../Users/wjmzb/Documents/Unreal Projects/Jamfuser21_DCU/Content/Textures/Programming/ProgrEnvironment6_fence_poles_Normal.uasset" 604
"../../../../../Users/wjmzb/Documents/Unreal Projects/Jamfuser21_DCU/Content/Textures/Programming/ProgrEnvironment6_fence_poles_BaseColor.uasset" 605
"../../../../../Users/wjmzb/Documents/Unreal Projects/Jamfuser21_DCU/Content/Materials/Programming/Prog_Fence_Poles.uasset" 606
"../../../../../Users/wjmzb/Documents/Unreal Projects/Jamfuser21_DCU/Content/Meshes/Dev/fences_poles.uasset" 607
"../../../../../Users/wjmzb/Documents/Unreal Projects/Jamfuser21_DCU/Content/Textures/Programming/ProgrEnvironment6_fence_planes_Opacity.uasset" 608
"../../../../../Users/wjmzb/Documents/Unreal Projects/Jamfuser21_DCU/Content/Textures/Programming/ProgrEnvironment6_fence_planes_OcclusionRoughnessMetallic.uasset" 609
"../../../../../Users/wjmzb/Documents/Unreal Projects/Jamfuser21_DCU/Content/Textures/Programming/ProgrEnvironment6_fence_planes_Normal.uasset" 610
"../../../../../Users/wjmzb/Documents/Unreal Projects/Jamfuser21_DCU/Content/Textures/Programming/ProgrEnvironment6_fence_planes_BaseColor.uasset" 611
"../../../../../Users/wjmzb/Documents/Unreal Projects/Jamfuser21_DCU/Content/Materials/Programming/Prog_Fence_Planes.uasset" 612
"../../../../../Users/wjmzb/Documents/Unreal Projects/Jamfuser21_DCU/Content/Meshes/Dev/fences_planes.uasset" 613
"../../../../../Users/wjmzb/Documents/Unreal Projects/Jamfuser21_DCU/Content/Textures/Programming/ProgrEnvironment6_concept_painting_OcclusionRoughnessMetallic.uasset" 614
"../../../../../Users/wjmzb/Documents/Unreal Projects/Jamfuser21_DCU/Content/Textures/Programming/ProgrEnvironment6_concept_painting_BaseColor.uasset" 615
"../../../../../Users/wjmzb/Documents/Unreal Projects/Jamfuser21_DCU/Content/Materials/Programming/Prog_Concept.uasset" 616
"../../../../../Users/wjmzb/Documents/Unreal Projects/Jamfuser21_DCU/Content/Meshes/Dev/concept_panting.uasset" 617
"../../../../../Users/wjmzb/Documents/Unreal Projects/Jamfuser21_DCU/Content/Textures/Programming/ProgrEnvironment6_boxes_OcclusionRoughnessMetallic.uasset" 618
"../../../../../Users/wjmzb/Documents/Unreal Projects/Jamfuser21_DCU/Content/Textures/Programming/ProgrEnvironment6_boxes_Normal.uasset" 619
"../../../../../Users/wjmzb/Documents/Unreal Projects/Jamfuser21_DCU/Content/Textures/Programming/ProgrEnvironment6_boxes_BaseColor.uasset" 620
"../../../../../Users/wjmzb/Documents/Unreal Projects/Jamfuser21_DCU/Content/Materials/Programming/Prog_Boxes.uasset" 621
"../../../../../Users/wjmzb/Documents/Unreal Projects/Jamfuser21_DCU/Content/Meshes/Dev/boxes.uasset" 622
"../../../../../Users/wjmzb/Documents/Unreal Projects/Jamfuser21_DCU/Content/Maps/ProgrammLevel_BuiltData.uasset" 623
"../../../../../Users/wjmzb/Documents/Unreal Projects/Jamfuser21_DCU/Content/Textures/Programming/ProgrEnvironment6_pipes_OcclusionRoughnessMetallic.uasset" 624
"../../../../../Users/wjmzb/Documents/Unreal Projects/Jamfuser21_DCU/Content/Textures/Programming/ProgrEnvironment6_pipes_Normal.uasset" 625
"../../../../../Users/wjmzb/Documents/Unreal Projects/Jamfuser21_DCU/Content/Textures/Programming/ProgrEnvironment6_pipes_BaseColor.uasset" 626
"../../../../../Users/wjmzb/Documents/Unreal Projects/Jamfuser21_DCU/Content/Materials/Programming/Prog_Pipes.uasset" 627
"../../../../../Users/wjmzb/Documents/Unreal Projects/Jamfuser21_DCU/Content/Meshes/Dev/pipes.uasset" 628
"../../../../../Users/wjmzb/Documents/Unreal Projects/Jamfuser21_DCU/Content/Blueprints/Enemy_Weapon_BossProgramming.uasset" 629
"../../../../../Users/wjmzb/Documents/Unreal Projects/Jamfuser21_DCU/Content/Blueprints/EnemyWeapon_KB.uasset" 630
"../../../../../Users/wjmzb/Documents/Unreal Projects/Jamfuser21_DCU/Content/Blueprints/Boss_Hacker.uasset" 631
"../../../../../Users/wjmzb/Documents/Unreal Projects/Jamfuser21_DCU/Content/Meshes/Dev/supercomp_fans_Anim.uasset" 632
"../../../../../Users/wjmzb/Documents/Unreal Projects/Jamfuser21_DCU/Content/Blueprints/Enemy_Hacker.uasset" 633
"../../../../../Users/wjmzb/Documents/Unreal Projects/Jamfuser21_DCU/Content/Maps/ProgrammLevel.umap" 634
"../../../../../Users/wjmzb/Documents/Unreal Projects/Jamfuser21_DCU/Content/Maps/TravelMap.umap" 635
